# JRE version: Java(TM) SE Runtime Environment 18.9 (11.0.11+9) (build 11.0.11+9-LTS-194)
# Java VM: Java HotSpot(TM) 64-Bit Server VM 18.9 (11.0.11+9-LTS-194, mixed mode, tiered, compressed oops, g1 gc, bsd-amd64)
Heap:
 garbage-first heap   total 131072K, used 9453K [0x0000000780000000, 0x0000000800000000)
  region size 1024K, 5 young (5120K), 3 survivors (3072K)
 Metaspace       used 20855K, capacity 21413K, committed 21628K, reserved 1069056K
  class space    used 2258K, capacity 2470K, committed 2560K, reserved 1048576K
GC Heap History (8 events):
Event: 1.566 GC heap before
{Heap before GC invocations=0 (full 0):
 garbage-first heap   total 131072K, used 15360K [0x0000000780000000, 0x0000000800000000)
  region size 1024K, 14 young (14336K), 0 survivors (0K)
 Metaspace       used 9481K, capacity 9634K, committed 9984K, reserved 1058816K
  class space    used 856K, capacity 910K, committed 1024K, reserved 1048576K
}
Event: 1.578 GC heap after
{Heap after GC invocations=1 (full 0):
 garbage-first heap   total 131072K, used 5889K [0x0000000780000000, 0x0000000800000000)
  region size 1024K, 2 young (2048K), 2 survivors (2048K)
 Metaspace       used 9481K, capacity 9634K, committed 9984K, reserved 1058816K
  class space    used 856K, capacity 910K, committed 1024K, reserved 1048576K
}
Event: 2.069 GC heap before
{Heap before GC invocations=1 (full 0):
 garbage-first heap   total 131072K, used 11009K [0x0000000780000000, 0x0000000800000000)
  region size 1024K, 7 young (7168K), 2 survivors (2048K)
 Metaspace       used 10750K, capacity 10925K, committed 11136K, reserved 1058816K
  class space    used 1017K, capacity 1066K, committed 1152K, reserved 1048576K
}
Event: 2.086 GC heap after
{Heap after GC invocations=2 (full 0):
 garbage-first heap   total 131072K, used 6394K [0x0000000780000000, 0x0000000800000000)
  region size 1024K, 1 young (1024K), 1 survivors (1024K)
 Metaspace       used 10750K, capacity 10925K, committed 11136K, reserved 1058816K
  class space    used 1017K, capacity 1066K, committed 1152K, reserved 1048576K
}
Event: 9.622 GC heap before
{Heap before GC invocations=2 (full 0):
 garbage-first heap   total 131072K, used 26874K [0x0000000780000000, 0x0000000800000000)
  region size 1024K, 21 young (21504K), 1 survivors (1024K)
 Metaspace       used 16207K, capacity 16633K, committed 16768K, reserved 1064960K
  class space    used 1693K, capacity 1877K, committed 1920K, reserved 1048576K
}
Event: 9.640 GC heap after
{Heap after GC invocations=3 (full 0):
 garbage-first heap   total 131072K, used 7618K [0x0000000780000000, 0x0000000800000000)
  region size 1024K, 2 young (2048K), 2 survivors (2048K)
 Metaspace       used 16207K, capacity 16633K, committed 16768K, reserved 1064960K
  class space    used 1693K, capacity 1877K, committed 1920K, reserved 1048576K
}
Event: 10.294 GC heap before
{Heap before GC invocations=3 (full 0):
 garbage-first heap   total 131072K, used 30146K [0x0000000780000000, 0x0000000800000000)
  region size 1024K, 25 young (25600K), 2 survivors (2048K)
 Metaspace       used 20694K, capacity 21151K, committed 21296K, reserved 1069056K
  class space    used 2227K, capacity 2405K, committed 2432K, reserved 1048576K
}
Event: 10.303 GC heap after
{Heap after GC invocations=4 (full 0):
 garbage-first heap   total 131072K, used 8429K [0x0000000780000000, 0x0000000800000000)
  region size 1024K, 3 young (3072K), 3 survivors (3072K)
 Metaspace       used 20694K, capacity 21151K, committed 21296K, reserved 1069056K
  class space    used 2227K, capacity 2405K, committed 2432K, reserved 1048576K
}

